<?xml version="1.0" encoding="UTF-8"?>
<!-- Generated by org.testng.reporters.JUnitReportReporter -->
<testsuite skipped="0" hostname="Muthukumar" name="MuthuMaven.com.NewTest" tests="1" failures="0" timestamp="06 Mar 2020 13:07:23 GMT" time="20.311" errors="0">
  <testcase name="f" time="20.311" classname="MuthuMaven.com.NewTest"/>
</testsuite> <!-- MuthuMaven.com.NewTest -->
